Determining if the pthread_create exist failed with the following output:
Change Dir: /home/zzq/ProgramSpace/Ros/Eric_robot_book/ch2/littlecar/build/CMakeFiles/CMakeTmp

Run Build Command:"/usr/bin/make" "cmTC_00b1f/fast"
/usr/bin/make -f CMakeFiles/cmTC_00b1f.dir/build.make CMakeFiles/cmTC_00b1f.dir/build
make[1]: Entering directory '/home/zzq/ProgramSpace/Ros/Eric_robot_book/ch2/littlecar/build/CMakeFiles/CMakeTmp'
Building C object CMakeFiles/cmTC_00b1f.dir/CheckSymbolExists.c.o
/usr/bin/cc    -o CMakeFiles/cmTC_00b1f.dir/CheckSymbolExists.c.o   -c /home/zzq/ProgramSpace/Ros/Eric_robot_book/ch2/littlecar/build/CMakeFiles/CMakeTmp/CheckSymbolExists.c
Linking C executable cmTC_00b1f
/usr/bin/cmake -E cmake_link_script CMakeFiles/cmTC_00b1f.dir/link.txt --verbose=1
/usr/bin/cc      -rdynamic CMakeFiles/cmTC_00b1f.dir/CheckSymbolExists.c.o  -o cmTC_00b1f 
CMakeFiles/cmTC_00b1f.dir/CheckSymbolExists.c.o: In function `main':
CheckSymbolExists.c:(.text+0x1b): undefined reference to `pthread_create'
collect2: error: ld returned 1 exit status
CMakeFiles/cmTC_00b1f.dir/build.make:97: recipe for target 'cmTC_00b1f' failed
make[1]: *** [cmTC_00b1f] Error 1
make[1]: Leaving directory '/home/zzq/ProgramSpace/Ros/Eric_robot_book/ch2/littlecar/build/CMakeFiles/CMakeTmp'
Makefile:126: recipe for target 'cmTC_00b1f/fast' failed
make: *** [cmTC_00b1f/fast] Error 2

File /home/zzq/ProgramSpace/Ros/Eric_robot_book/ch2/littlecar/build/CMakeFiles/CMakeTmp/CheckSymbolExists.c:
/* */
#include <pthread.h>

int main(int argc, char** argv)
{
  (void)argv;
#ifndef pthread_create
  return ((int*)(&pthread_create))[argc];
#else
  (void)argc;
  return 0;
#endif
}

Determining if the function pthread_create exists in the pthreads failed with the following output:
Change Dir: /home/zzq/ProgramSpace/Ros/Eric_robot_book/ch2/littlecar/build/CMakeFiles/CMakeTmp

Run Build Command:"/usr/bin/make" "cmTC_a80de/fast"
/usr/bin/make -f CMakeFiles/cmTC_a80de.dir/build.make CMakeFiles/cmTC_a80de.dir/build
make[1]: Entering directory '/home/zzq/ProgramSpace/Ros/Eric_robot_book/ch2/littlecar/build/CMakeFiles/CMakeTmp'
Building C object CMakeFiles/cmTC_a80de.dir/CheckFunctionExists.c.o
/usr/bin/cc   -DCHECK_FUNCTION_EXISTS=pthread_create   -o CMakeFiles/cmTC_a80de.dir/CheckFunctionExists.c.o   -c /usr/share/cmake-3.10/Modules/CheckFunctionExists.c
Linking C executable cmTC_a80de
/usr/bin/cmake -E cmake_link_script CMakeFiles/cmTC_a80de.dir/link.txt --verbose=1
/usr/bin/cc  -DCHECK_FUNCTION_EXISTS=pthread_create    -rdynamic CMakeFiles/cmTC_a80de.dir/CheckFunctionExists.c.o  -o cmTC_a80de -lpthreads 
/usr/bin/ld: cannot find -lpthreads
collect2: error: ld returned 1 exit status
CMakeFiles/cmTC_a80de.dir/build.make:97: recipe for target 'cmTC_a80de' failed
make[1]: *** [cmTC_a80de] Error 1
make[1]: Leaving directory '/home/zzq/ProgramSpace/Ros/Eric_robot_book/ch2/littlecar/build/CMakeFiles/CMakeTmp'
Makefile:126: recipe for target 'cmTC_a80de/fast' failed
make: *** [cmTC_a80de/fast] Error 2


